<?xml version="1.0" encoding="UTF-8"?>
<testsuite xmlns:xsi="http://www.w3.org/2001/XMLSchema-instance" xsi:noNamespaceSchemaLocation="https://maven.apache.org/surefire/maven-surefire-plugin/xsd/surefire-test-report.xsd" name="EpointApplicationStartTest" time="0.13" tests="1" errors="1" skipped="0" failures="0">
  <properties>
[...]
</properties>
  <testcase name="EpointApplicationStartTest" classname="EpointApplicationStartTest" time="0.129">
    <error message="Unable to find a @SpringBootConfiguration, you need to use @ContextConfiguration or @SpringBootTest(classes=...) with your test" type="java.lang.IllegalStateException">java.lang.IllegalStateException: Unable to find a @SpringBootConfiguration, you need to use @ContextConfiguration or @SpringBootTest(classes=...) with your test
</error>
    <system-out><![CDATA[11:33:00.124 [main] DEBUG org.springframework.test.context.BootstrapUtils - Instantiating CacheAwareContextLoaderDelegate from class [org.springframework.test.context.cache.DefaultCacheAwareContextLoaderDelegate]
11:33:00.131 [main] DEBUG org.springframework.test.context.BootstrapUtils - Instantiating BootstrapContext using constructor [public org.springframework.test.context.support.DefaultBootstrapContext(java.lang.Class,org.springframework.test.context.CacheAwareContextLoaderDelegate)]
11:33:00.152 [main] DEBUG org.springframework.test.context.BootstrapUtils - Instantiating TestContextBootstrapper for test class [EpointApplicationStartTest] from class [org.springframework.boot.test.context.SpringBootTestContextBootstrapper]
11:33:00.163 [main] INFO org.springframework.boot.test.context.SpringBootTestContextBootstrapper - Neither @ContextConfiguration nor @ContextHierarchy found for test class [EpointApplicationStartTest], using SpringBootContextLoader
11:33:00.166 [main] DEBUG org.springframework.test.context.support.AbstractContextLoader - Did not detect default resource location for test class [EpointApplicationStartTest]: class path resource [EpointApplicationStartTest-context.xml] does not exist
11:33:00.166 [main] DEBUG org.springframework.test.context.support.AbstractContextLoader - Did not detect default resource location for test class [EpointApplicationStartTest]: class path resource [EpointApplicationStartTestContext.groovy] does not exist
11:33:00.166 [main] INFO org.springframework.test.context.support.AbstractContextLoader - Could not detect default resource locations for test class [EpointApplicationStartTest]: no resource found for suffixes {-context.xml, Context.groovy}.
11:33:00.167 [main] INFO org.springframework.test.context.support.AnnotationConfigContextLoaderUtils - Could not detect default configuration classes for test class [EpointApplicationStartTest]: EpointApplicationStartTest does not declare any static, non-private, non-final, nested classes annotated with @Configuration.
11:33:00.192 [main] DEBUG org.springframework.test.context.support.ActiveProfilesUtils - Could not find an 'annotation declaring class' for annotation type [org.springframework.test.context.ActiveProfiles] and class [EpointApplicationStartTest]
11:33:00.204 [main] DEBUG org.springframework.test.context.BootstrapUtils - Instantiating CacheAwareContextLoaderDelegate from class [org.springframework.test.context.cache.DefaultCacheAwareContextLoaderDelegate]
11:33:00.204 [main] DEBUG org.springframework.test.context.BootstrapUtils - Instantiating BootstrapContext using constructor [public org.springframework.test.context.support.DefaultBootstrapContext(java.lang.Class,org.springframework.test.context.CacheAwareContextLoaderDelegate)]
11:33:00.204 [main] DEBUG org.springframework.test.context.BootstrapUtils - Instantiating TestContextBootstrapper for test class [EpointApplicationStartTest] from class [org.springframework.boot.test.context.SpringBootTestContextBootstrapper]
11:33:00.204 [main] INFO org.springframework.boot.test.context.SpringBootTestContextBootstrapper - Neither @ContextConfiguration nor @ContextHierarchy found for test class [EpointApplicationStartTest], using SpringBootContextLoader
11:33:00.205 [main] DEBUG org.springframework.test.context.support.AbstractContextLoader - Did not detect default resource location for test class [EpointApplicationStartTest]: class path resource [EpointApplicationStartTest-context.xml] does not exist
11:33:00.205 [main] DEBUG org.springframework.test.context.support.AbstractContextLoader - Did not detect default resource location for test class [EpointApplicationStartTest]: class path resource [EpointApplicationStartTestContext.groovy] does not exist
11:33:00.205 [main] INFO org.springframework.test.context.support.AbstractContextLoader - Could not detect default resource locations for test class [EpointApplicationStartTest]: no resource found for suffixes {-context.xml, Context.groovy}.
11:33:00.205 [main] INFO org.springframework.test.context.support.AnnotationConfigContextLoaderUtils - Could not detect default configuration classes for test class [EpointApplicationStartTest]: EpointApplicationStartTest does not declare any static, non-private, non-final, nested classes annotated with @Configuration.
11:33:00.206 [main] DEBUG org.springframework.test.context.support.ActiveProfilesUtils - Could not find an 'annotation declaring class' for annotation type [org.springframework.test.context.ActiveProfiles] and class [EpointApplicationStartTest]
11:33:00.207 [main] DEBUG org.springframework.test.context.BootstrapUtils - Instantiating CacheAwareContextLoaderDelegate from class [org.springframework.test.context.cache.DefaultCacheAwareContextLoaderDelegate]
11:33:00.207 [main] DEBUG org.springframework.test.context.BootstrapUtils - Instantiating BootstrapContext using constructor [public org.springframework.test.context.support.DefaultBootstrapContext(java.lang.Class,org.springframework.test.context.CacheAwareContextLoaderDelegate)]
11:33:00.207 [main] DEBUG org.springframework.test.context.BootstrapUtils - Instantiating TestContextBootstrapper for test class [EpointApplicationStartTest] from class [org.springframework.boot.test.context.SpringBootTestContextBootstrapper]
11:33:00.208 [main] INFO org.springframework.boot.test.context.SpringBootTestContextBootstrapper - Neither @ContextConfiguration nor @ContextHierarchy found for test class [EpointApplicationStartTest], using SpringBootContextLoader
11:33:00.208 [main] DEBUG org.springframework.test.context.support.AbstractContextLoader - Did not detect default resource location for test class [EpointApplicationStartTest]: class path resource [EpointApplicationStartTest-context.xml] does not exist
11:33:00.208 [main] DEBUG org.springframework.test.context.support.AbstractContextLoader - Did not detect default resource location for test class [EpointApplicationStartTest]: class path resource [EpointApplicationStartTestContext.groovy] does not exist
11:33:00.208 [main] INFO org.springframework.test.context.support.AbstractContextLoader - Could not detect default resource locations for test class [EpointApplicationStartTest]: no resource found for suffixes {-context.xml, Context.groovy}.
11:33:00.209 [main] INFO org.springframework.test.context.support.AnnotationConfigContextLoaderUtils - Could not detect default configuration classes for test class [EpointApplicationStartTest]: EpointApplicationStartTest does not declare any static, non-private, non-final, nested classes annotated with @Configuration.
11:33:00.210 [main] DEBUG org.springframework.test.context.support.ActiveProfilesUtils - Could not find an 'annotation declaring class' for annotation type [org.springframework.test.context.ActiveProfiles] and class [EpointApplicationStartTest]
]]></system-out>
  </testcase>
</testsuite>